[2025-04-10 09:56:24] [ROUTER] [info] Route added: POST /backend/authenticate
[2025-04-10 09:56:24] [ROUTER] [info] Route added: GET /backend/migrate
[2025-04-10 09:56:24] [ROUTER] [info] Route added: GET /admin/products
[2025-04-10 09:56:24] [ROUTER] [info] Route added: POST /admin/products/add
[2025-04-10 09:56:24] [ROUTER] [info] Route added: POST /admin/products/delete
[2025-04-10 09:56:24] [ROUTER] [info] Route added: GET /admin/categories
[2025-04-10 09:56:24] [ROUTER] [info] Route added: POST /admin/categories/add
[2025-04-10 09:56:24] [ROUTER] [info] Route added: POST /admin/categories/update
[2025-04-10 09:56:24] [ROUTER] [info] Route added: POST /admin/categories/delete
[2025-04-10 09:56:24] [ROUTER] [info] Route added: GET /admin/users
[2025-04-10 09:56:24] [ROUTER] [info] Route added: POST /admin/users/add
[2025-04-10 09:56:24] [ROUTER] [info] Route added: POST /admin/users/delete
[2025-04-10 09:56:24] [ROUTER] [info] Route added: GET /
[2025-04-10 09:56:24] [ROUTER] [info] Route added: GET /products
[2025-04-10 09:56:24] [ROUTER] [info] Route added: GET /products/:id
[2025-04-10 09:56:24] [ROUTER] [info] Route added: GET /authentification/login
[2025-04-10 09:56:24] [ROUTER] [info] Route added: GET /authentification/logout
[2025-04-10 09:56:24] [ROUTER] [info] Handling request: GET /authentification/logout
[2025-04-10 09:56:24] [ROUTER] [info] Route matched: GET /authentification/logout
[2025-04-10 09:56:24] [VIEW] [info] Rendering view: authentification/logout
[2025-04-10 09:56:24] [VIEW] [info] Loading view file: views/authentification/logout.php
[2025-04-10 09:56:24] [ROUTER] [info] Route added: POST /backend/authenticate
[2025-04-10 09:56:24] [ROUTER] [info] Route added: GET /backend/migrate
[2025-04-10 09:56:24] [ROUTER] [info] Route added: GET /admin/products
[2025-04-10 09:56:24] [ROUTER] [info] Route added: POST /admin/products/add
[2025-04-10 09:56:24] [ROUTER] [info] Route added: POST /admin/products/delete
[2025-04-10 09:56:24] [ROUTER] [info] Route added: GET /admin/categories
[2025-04-10 09:56:24] [ROUTER] [info] Route added: POST /admin/categories/add
[2025-04-10 09:56:24] [ROUTER] [info] Route added: POST /admin/categories/update
[2025-04-10 09:56:24] [ROUTER] [info] Route added: POST /admin/categories/delete
[2025-04-10 09:56:24] [ROUTER] [info] Route added: GET /admin/users
[2025-04-10 09:56:24] [ROUTER] [info] Route added: POST /admin/users/add
[2025-04-10 09:56:24] [ROUTER] [info] Route added: POST /admin/users/delete
[2025-04-10 09:56:24] [ROUTER] [info] Route added: GET /
[2025-04-10 09:56:24] [ROUTER] [info] Route added: GET /products
[2025-04-10 09:56:24] [ROUTER] [info] Route added: GET /products/:id
[2025-04-10 09:56:24] [ROUTER] [info] Route added: GET /authentification/login
[2025-04-10 09:56:24] [ROUTER] [info] Route added: GET /authentification/logout
[2025-04-10 09:56:24] [ROUTER] [info] Handling request: GET /
[2025-04-10 09:56:24] [ROUTER] [info] Route matched: GET /
[2025-04-10 09:56:24] [VIEW] [info] Rendering view: products/index
[2025-04-10 09:56:24] [VIEW] [info] Loading view file: views/products/index.php
[2025-04-10 09:56:24] [DB] [info] Attempting database connection
[2025-04-10 09:56:24] [DB] [info] Database connection successful
[2025-04-10 09:56:24] [DB] [info] Executing query: SELECT p.*, c.name as category_name FROM products p 
               LEFT JOIN categories c ON p.category_id = c.id LIMIT :limit OFFSET :offset
[2025-04-10 09:56:24] [DB] [info] With parameters: {"limit":12,"offset":0}
[2025-04-10 09:56:24] [DB] [info] Query executed successfully
[2025-04-10 09:56:24] [DB] [info] Executing query: SELECT COUNT(*) as total FROM products
[2025-04-10 09:56:24] [DB] [info] Query executed successfully
[2025-04-10 09:56:24] [DB] [info] Executing query: SELECT p.*, c.name as category_name FROM products p 
               LEFT JOIN categories c ON p.category_id = c.id 
               WHERE p.quantity <= :threshold ORDER BY p.quantity ASC
[2025-04-10 09:56:24] [DB] [info] With parameters: {"threshold":20}
[2025-04-10 09:56:24] [DB] [info] Query executed successfully
[2025-04-10 09:56:24] [DB] [info] Executing query: SELECT o.*, p.name as product_name, p.image as product_image 
            FROM orders o 
            JOIN products p ON o.product_id = p.id 
            ORDER BY o.created_at DESC 
            LIMIT :limit
[2025-04-10 09:56:24] [DB] [info] With parameters: {"limit":5}
[2025-04-10 09:56:24] [DB] [info] Query executed successfully
[2025-04-10 09:56:24] [DB] [info] Executing query: SELECT * FROM categories ORDER BY id
[2025-04-10 09:56:24] [DB] [info] Query executed successfully
[2025-04-10 09:56:24] [VIEW] [info] Loading layout: views/layouts/default.php
[2025-04-10 09:56:24] [ROUTER] [info] Route added: POST /backend/authenticate
[2025-04-10 09:56:24] [ROUTER] [info] Route added: GET /backend/migrate
[2025-04-10 09:56:24] [ROUTER] [info] Route added: GET /admin/products
[2025-04-10 09:56:24] [ROUTER] [info] Route added: POST /admin/products/add
[2025-04-10 09:56:24] [ROUTER] [info] Route added: POST /admin/products/delete
[2025-04-10 09:56:24] [ROUTER] [info] Route added: GET /admin/categories
[2025-04-10 09:56:24] [ROUTER] [info] Route added: POST /admin/categories/add
[2025-04-10 09:56:24] [ROUTER] [info] Route added: POST /admin/categories/update
[2025-04-10 09:56:24] [ROUTER] [info] Route added: POST /admin/categories/delete
[2025-04-10 09:56:24] [ROUTER] [info] Route added: GET /admin/users
[2025-04-10 09:56:24] [ROUTER] [info] Route added: POST /admin/users/add
[2025-04-10 09:56:24] [ROUTER] [info] Route added: POST /admin/users/delete
[2025-04-10 09:56:24] [ROUTER] [info] Route added: GET /
[2025-04-10 09:56:24] [ROUTER] [info] Route added: GET /products
[2025-04-10 09:56:24] [ROUTER] [info] Route added: GET /products/:id
[2025-04-10 09:56:24] [ROUTER] [info] Route added: GET /authentification/login
[2025-04-10 09:56:24] [ROUTER] [info] Route added: GET /authentification/logout
[2025-04-10 09:56:24] [ROUTER] [info] Handling request: GET /favicon.ico
[2025-04-10 09:56:24] [ROUTER] [warning] No matching route found for: GET /favicon.ico
[2025-04-10 09:56:35] [ROUTER] [info] Route added: POST /backend/authenticate
[2025-04-10 09:56:35] [ROUTER] [info] Route added: GET /backend/migrate
[2025-04-10 09:56:35] [ROUTER] [info] Route added: GET /admin/products
[2025-04-10 09:56:35] [ROUTER] [info] Route added: POST /admin/products/add
[2025-04-10 09:56:35] [ROUTER] [info] Route added: POST /admin/products/delete
[2025-04-10 09:56:35] [ROUTER] [info] Route added: GET /admin/categories
[2025-04-10 09:56:35] [ROUTER] [info] Route added: POST /admin/categories/add
[2025-04-10 09:56:35] [ROUTER] [info] Route added: POST /admin/categories/update
[2025-04-10 09:56:35] [ROUTER] [info] Route added: POST /admin/categories/delete
[2025-04-10 09:56:35] [ROUTER] [info] Route added: GET /admin/users
[2025-04-10 09:56:35] [ROUTER] [info] Route added: POST /admin/users/add
[2025-04-10 09:56:35] [ROUTER] [info] Route added: POST /admin/users/delete
[2025-04-10 09:56:35] [ROUTER] [info] Route added: GET /
[2025-04-10 09:56:35] [ROUTER] [info] Route added: GET /products
[2025-04-10 09:56:35] [ROUTER] [info] Route added: GET /products/:id
[2025-04-10 09:56:35] [ROUTER] [info] Route added: GET /authentification/login
[2025-04-10 09:56:35] [ROUTER] [info] Route added: GET /authentification/logout
[2025-04-10 09:56:35] [ROUTER] [info] Handling request: POST /backend/authenticate
[2025-04-10 09:56:35] [ROUTER] [info] Route matched: POST /backend/authenticate
[2025-04-10 09:56:35] [AUTH] [info] Processing login attempt
[2025-04-10 09:56:35] [AUTH] [info] Attempting authentication for user: admin@admin.admin
[2025-04-10 09:56:35] [DB] [info] Attempting database connection
[2025-04-10 09:56:35] [DB] [info] Database connection successful
[2025-04-10 09:56:35] [AUTH] [info] Authentication successful for user: admin@admin.admin
[2025-04-10 09:56:35] [AUTH] [info] Session regenerated for user: admin@admin.admin
[2025-04-10 09:56:35] [ROUTER] [info] Route added: POST /backend/authenticate
[2025-04-10 09:56:35] [ROUTER] [info] Route added: GET /backend/migrate
[2025-04-10 09:56:35] [ROUTER] [info] Route added: GET /admin/products
[2025-04-10 09:56:35] [ROUTER] [info] Route added: POST /admin/products/add
[2025-04-10 09:56:35] [ROUTER] [info] Route added: POST /admin/products/delete
[2025-04-10 09:56:35] [ROUTER] [info] Route added: GET /admin/categories
[2025-04-10 09:56:35] [ROUTER] [info] Route added: POST /admin/categories/add
[2025-04-10 09:56:35] [ROUTER] [info] Route added: POST /admin/categories/update
[2025-04-10 09:56:35] [ROUTER] [info] Route added: POST /admin/categories/delete
[2025-04-10 09:56:35] [ROUTER] [info] Route added: GET /admin/users
[2025-04-10 09:56:35] [ROUTER] [info] Route added: POST /admin/users/add
[2025-04-10 09:56:35] [ROUTER] [info] Route added: POST /admin/users/delete
[2025-04-10 09:56:35] [ROUTER] [info] Route added: GET /
[2025-04-10 09:56:35] [ROUTER] [info] Route added: GET /products
[2025-04-10 09:56:35] [ROUTER] [info] Route added: GET /products/:id
[2025-04-10 09:56:35] [ROUTER] [info] Route added: GET /authentification/login
[2025-04-10 09:56:35] [ROUTER] [info] Route added: GET /authentification/logout
[2025-04-10 09:56:35] [ROUTER] [info] Handling request: GET /
[2025-04-10 09:56:35] [ROUTER] [info] Route matched: GET /
[2025-04-10 09:56:35] [VIEW] [info] Rendering view: products/index
[2025-04-10 09:56:35] [VIEW] [info] Loading view file: views/products/index.php
[2025-04-10 09:56:35] [DB] [info] Attempting database connection
[2025-04-10 09:56:35] [DB] [info] Database connection successful
[2025-04-10 09:56:35] [DB] [info] Executing query: SELECT p.*, c.name as category_name FROM products p 
               LEFT JOIN categories c ON p.category_id = c.id LIMIT :limit OFFSET :offset
[2025-04-10 09:56:35] [DB] [info] With parameters: {"limit":12,"offset":0}
[2025-04-10 09:56:35] [DB] [info] Query executed successfully
[2025-04-10 09:56:35] [DB] [info] Executing query: SELECT COUNT(*) as total FROM products
[2025-04-10 09:56:35] [DB] [info] Query executed successfully
[2025-04-10 09:56:35] [DB] [info] Executing query: SELECT p.*, c.name as category_name FROM products p 
               LEFT JOIN categories c ON p.category_id = c.id 
               WHERE p.quantity <= :threshold ORDER BY p.quantity ASC
[2025-04-10 09:56:35] [DB] [info] With parameters: {"threshold":20}
[2025-04-10 09:56:35] [DB] [info] Query executed successfully
[2025-04-10 09:56:35] [DB] [info] Executing query: SELECT o.*, p.name as product_name, p.image as product_image 
            FROM orders o 
            JOIN products p ON o.product_id = p.id 
            ORDER BY o.created_at DESC 
            LIMIT :limit
[2025-04-10 09:56:35] [DB] [info] With parameters: {"limit":5}
[2025-04-10 09:56:35] [DB] [info] Query executed successfully
[2025-04-10 09:56:35] [DB] [info] Executing query: SELECT * FROM categories ORDER BY id
[2025-04-10 09:56:35] [DB] [info] Query executed successfully
[2025-04-10 09:56:35] [VIEW] [info] Loading layout: views/layouts/default.php
[2025-04-10 09:56:35] [ROUTER] [info] Route added: POST /backend/authenticate
[2025-04-10 09:56:35] [ROUTER] [info] Route added: GET /backend/migrate
[2025-04-10 09:56:35] [ROUTER] [info] Route added: GET /admin/products
[2025-04-10 09:56:35] [ROUTER] [info] Route added: POST /admin/products/add
[2025-04-10 09:56:35] [ROUTER] [info] Route added: POST /admin/products/delete
[2025-04-10 09:56:35] [ROUTER] [info] Route added: GET /admin/categories
[2025-04-10 09:56:35] [ROUTER] [info] Route added: POST /admin/categories/add
[2025-04-10 09:56:35] [ROUTER] [info] Route added: POST /admin/categories/update
[2025-04-10 09:56:35] [ROUTER] [info] Route added: POST /admin/categories/delete
[2025-04-10 09:56:35] [ROUTER] [info] Route added: GET /admin/users
[2025-04-10 09:56:35] [ROUTER] [info] Route added: POST /admin/users/add
[2025-04-10 09:56:35] [ROUTER] [info] Route added: POST /admin/users/delete
[2025-04-10 09:56:35] [ROUTER] [info] Route added: GET /
[2025-04-10 09:56:35] [ROUTER] [info] Route added: GET /products
[2025-04-10 09:56:35] [ROUTER] [info] Route added: GET /products/:id
[2025-04-10 09:56:35] [ROUTER] [info] Route added: GET /authentification/login
[2025-04-10 09:56:35] [ROUTER] [info] Route added: GET /authentification/logout
[2025-04-10 09:56:35] [ROUTER] [info] Handling request: GET /public/uploads/67ebb81b6f850.jpg
[2025-04-10 09:56:35] [ROUTER] [warning] No matching route found for: GET /public/uploads/67ebb81b6f850.jpg
[2025-04-10 09:56:36] [ROUTER] [info] Route added: POST /backend/authenticate
[2025-04-10 09:56:36] [ROUTER] [info] Route added: GET /backend/migrate
[2025-04-10 09:56:36] [ROUTER] [info] Route added: GET /admin/products
[2025-04-10 09:56:36] [ROUTER] [info] Route added: POST /admin/products/add
[2025-04-10 09:56:37] [ROUTER] [info] Route added: POST /admin/products/delete
[2025-04-10 09:56:37] [ROUTER] [info] Route added: GET /admin/categories
[2025-04-10 09:56:37] [ROUTER] [info] Route added: POST /admin/categories/add
[2025-04-10 09:56:37] [ROUTER] [info] Route added: POST /admin/categories/update
[2025-04-10 09:56:37] [ROUTER] [info] Route added: POST /admin/categories/delete
[2025-04-10 09:56:37] [ROUTER] [info] Route added: GET /admin/users
[2025-04-10 09:56:37] [ROUTER] [info] Route added: POST /admin/users/add
[2025-04-10 09:56:37] [ROUTER] [info] Route added: POST /admin/users/delete
[2025-04-10 09:56:37] [ROUTER] [info] Route added: GET /
[2025-04-10 09:56:37] [ROUTER] [info] Route added: GET /products
[2025-04-10 09:56:37] [ROUTER] [info] Route added: GET /products/:id
[2025-04-10 09:56:37] [ROUTER] [info] Route added: GET /authentification/login
[2025-04-10 09:56:37] [ROUTER] [info] Route added: GET /authentification/logout
[2025-04-10 09:56:37] [ROUTER] [info] Handling request: GET /product/44
[2025-04-10 09:56:37] [ROUTER] [warning] No matching route found for: GET /product/44
[2025-04-10 09:56:37] [ROUTER] [info] Route added: POST /backend/authenticate
[2025-04-10 09:56:37] [ROUTER] [info] Route added: GET /backend/migrate
[2025-04-10 09:56:37] [ROUTER] [info] Route added: GET /admin/products
[2025-04-10 09:56:37] [ROUTER] [info] Route added: POST /admin/products/add
[2025-04-10 09:56:37] [ROUTER] [info] Route added: POST /admin/products/delete
[2025-04-10 09:56:37] [ROUTER] [info] Route added: GET /admin/categories
[2025-04-10 09:56:37] [ROUTER] [info] Route added: POST /admin/categories/add
[2025-04-10 09:56:37] [ROUTER] [info] Route added: POST /admin/categories/update
[2025-04-10 09:56:37] [ROUTER] [info] Route added: POST /admin/categories/delete
[2025-04-10 09:56:37] [ROUTER] [info] Route added: GET /admin/users
[2025-04-10 09:56:37] [ROUTER] [info] Route added: POST /admin/users/add
[2025-04-10 09:56:37] [ROUTER] [info] Route added: POST /admin/users/delete
[2025-04-10 09:56:37] [ROUTER] [info] Route added: GET /
[2025-04-10 09:56:37] [ROUTER] [info] Route added: GET /products
[2025-04-10 09:56:37] [ROUTER] [info] Route added: GET /products/:id
[2025-04-10 09:56:37] [ROUTER] [info] Route added: GET /authentification/login
[2025-04-10 09:56:37] [ROUTER] [info] Route added: GET /authentification/logout
[2025-04-10 09:56:37] [ROUTER] [info] Handling request: GET /favicon.ico
[2025-04-10 09:56:37] [ROUTER] [warning] No matching route found for: GET /favicon.ico
[2025-04-10 09:56:40] [ROUTER] [info] Route added: POST /backend/authenticate
[2025-04-10 09:56:40] [ROUTER] [info] Route added: GET /backend/migrate
[2025-04-10 09:56:40] [ROUTER] [info] Route added: GET /admin/products
[2025-04-10 09:56:40] [ROUTER] [info] Route added: POST /admin/products/add
[2025-04-10 09:56:40] [ROUTER] [info] Route added: POST /admin/products/delete
[2025-04-10 09:56:40] [ROUTER] [info] Route added: GET /admin/categories
[2025-04-10 09:56:40] [ROUTER] [info] Route added: POST /admin/categories/add
[2025-04-10 09:56:40] [ROUTER] [info] Route added: POST /admin/categories/update
[2025-04-10 09:56:40] [ROUTER] [info] Route added: POST /admin/categories/delete
[2025-04-10 09:56:40] [ROUTER] [info] Route added: GET /admin/users
[2025-04-10 09:56:40] [ROUTER] [info] Route added: POST /admin/users/add
[2025-04-10 09:56:40] [ROUTER] [info] Route added: POST /admin/users/delete
[2025-04-10 09:56:40] [ROUTER] [info] Route added: GET /
[2025-04-10 09:56:40] [ROUTER] [info] Route added: GET /products
[2025-04-10 09:56:40] [ROUTER] [info] Route added: GET /products/:id
[2025-04-10 09:56:40] [ROUTER] [info] Route added: GET /authentification/login
[2025-04-10 09:56:40] [ROUTER] [info] Route added: GET /authentification/logout
[2025-04-10 09:56:40] [ROUTER] [info] Handling request: GET /products
[2025-04-10 09:56:40] [ROUTER] [info] Route matched: GET /products
[2025-04-10 09:56:40] [VIEW] [info] Rendering view: products/index
[2025-04-10 09:56:40] [VIEW] [info] Loading view file: views/products/index.php
[2025-04-10 09:56:40] [DB] [info] Attempting database connection
[2025-04-10 09:56:40] [DB] [info] Database connection successful
[2025-04-10 09:56:40] [DB] [info] Executing query: SELECT p.*, c.name as category_name FROM products p 
               LEFT JOIN categories c ON p.category_id = c.id LIMIT :limit OFFSET :offset
[2025-04-10 09:56:40] [DB] [info] With parameters: {"limit":12,"offset":0}
[2025-04-10 09:56:40] [DB] [info] Query executed successfully
[2025-04-10 09:56:40] [DB] [info] Executing query: SELECT COUNT(*) as total FROM products
[2025-04-10 09:56:40] [DB] [info] Query executed successfully
[2025-04-10 09:56:40] [DB] [info] Executing query: SELECT p.*, c.name as category_name FROM products p 
               LEFT JOIN categories c ON p.category_id = c.id 
               WHERE p.quantity <= :threshold ORDER BY p.quantity ASC
[2025-04-10 09:56:40] [DB] [info] With parameters: {"threshold":20}
[2025-04-10 09:56:40] [DB] [info] Query executed successfully
[2025-04-10 09:56:40] [DB] [info] Executing query: SELECT o.*, p.name as product_name, p.image as product_image 
            FROM orders o 
            JOIN products p ON o.product_id = p.id 
            ORDER BY o.created_at DESC 
            LIMIT :limit
[2025-04-10 09:56:40] [DB] [info] With parameters: {"limit":5}
[2025-04-10 09:56:40] [DB] [info] Query executed successfully
[2025-04-10 09:56:40] [DB] [info] Executing query: SELECT * FROM categories ORDER BY id
[2025-04-10 09:56:40] [DB] [info] Query executed successfully
[2025-04-10 09:56:40] [VIEW] [info] Loading layout: views/layouts/default.php
[2025-04-10 09:56:40] [ROUTER] [info] Route added: POST /backend/authenticate
[2025-04-10 09:56:40] [ROUTER] [info] Route added: GET /backend/migrate
[2025-04-10 09:56:40] [ROUTER] [info] Route added: GET /admin/products
[2025-04-10 09:56:40] [ROUTER] [info] Route added: POST /admin/products/add
[2025-04-10 09:56:40] [ROUTER] [info] Route added: POST /admin/products/delete
[2025-04-10 09:56:40] [ROUTER] [info] Route added: GET /admin/categories
[2025-04-10 09:56:40] [ROUTER] [info] Route added: POST /admin/categories/add
[2025-04-10 09:56:40] [ROUTER] [info] Route added: POST /admin/categories/update
[2025-04-10 09:56:40] [ROUTER] [info] Route added: POST /admin/categories/delete
[2025-04-10 09:56:40] [ROUTER] [info] Route added: GET /admin/users
[2025-04-10 09:56:40] [ROUTER] [info] Route added: POST /admin/users/add
[2025-04-10 09:56:40] [ROUTER] [info] Route added: POST /admin/users/delete
[2025-04-10 09:56:40] [ROUTER] [info] Route added: GET /
[2025-04-10 09:56:40] [ROUTER] [info] Route added: GET /products
[2025-04-10 09:56:40] [ROUTER] [info] Route added: GET /products/:id
[2025-04-10 09:56:40] [ROUTER] [info] Route added: GET /authentification/login
[2025-04-10 09:56:40] [ROUTER] [info] Route added: GET /authentification/logout
[2025-04-10 09:56:40] [ROUTER] [info] Handling request: GET /public/uploads/67ebb81b6f850.jpg
[2025-04-10 09:56:40] [ROUTER] [warning] No matching route found for: GET /public/uploads/67ebb81b6f850.jpg
[2025-04-10 09:56:40] [ROUTER] [info] Route added: POST /backend/authenticate
[2025-04-10 09:56:40] [ROUTER] [info] Route added: GET /backend/migrate
[2025-04-10 09:56:40] [ROUTER] [info] Route added: GET /admin/products
[2025-04-10 09:56:40] [ROUTER] [info] Route added: POST /admin/products/add
[2025-04-10 09:56:40] [ROUTER] [info] Route added: POST /admin/products/delete
[2025-04-10 09:56:40] [ROUTER] [info] Route added: GET /admin/categories
[2025-04-10 09:56:40] [ROUTER] [info] Route added: POST /admin/categories/add
[2025-04-10 09:56:40] [ROUTER] [info] Route added: POST /admin/categories/update
[2025-04-10 09:56:40] [ROUTER] [info] Route added: POST /admin/categories/delete
[2025-04-10 09:56:40] [ROUTER] [info] Route added: GET /admin/users
[2025-04-10 09:56:40] [ROUTER] [info] Route added: POST /admin/users/add
[2025-04-10 09:56:40] [ROUTER] [info] Route added: POST /admin/users/delete
[2025-04-10 09:56:40] [ROUTER] [info] Route added: GET /
[2025-04-10 09:56:40] [ROUTER] [info] Route added: GET /products
[2025-04-10 09:56:40] [ROUTER] [info] Route added: GET /products/:id
[2025-04-10 09:56:40] [ROUTER] [info] Route added: GET /authentification/login
[2025-04-10 09:56:40] [ROUTER] [info] Route added: GET /authentification/logout
[2025-04-10 09:56:40] [ROUTER] [info] Handling request: GET /products/44
[2025-04-10 09:56:40] [ROUTER] [info] Route matched: GET /products/:id
[2025-04-10 09:56:40] [VIEW] [info] Rendering view: products/detail
[2025-04-10 09:56:40] [VIEW] [info] Loading view file: views/products/detail.php
[2025-04-10 09:56:40] [DB] [info] Attempting database connection
[2025-04-10 09:56:40] [DB] [info] Database connection successful
[2025-04-10 09:56:40] [DB] [info] Executing query: SELECT p.*, c.name as category_name FROM products p 
               LEFT JOIN categories c ON p.category_id = c.id 
               WHERE p.id = :id
[2025-04-10 09:56:40] [DB] [info] With parameters: {"id":44}
[2025-04-10 09:56:40] [DB] [info] Query executed successfully
[2025-04-10 09:56:40] [VIEW] [info] Loading layout: views/layouts/default.php
[2025-04-10 09:56:41] [ROUTER] [info] Route added: POST /backend/authenticate
[2025-04-10 09:56:41] [ROUTER] [info] Route added: GET /backend/migrate
[2025-04-10 09:56:41] [ROUTER] [info] Route added: GET /admin/products
[2025-04-10 09:56:41] [ROUTER] [info] Route added: POST /admin/products/add
[2025-04-10 09:56:41] [ROUTER] [info] Route added: POST /admin/products/delete
[2025-04-10 09:56:41] [ROUTER] [info] Route added: GET /admin/categories
[2025-04-10 09:56:41] [ROUTER] [info] Route added: POST /admin/categories/add
[2025-04-10 09:56:41] [ROUTER] [info] Route added: POST /admin/categories/update
[2025-04-10 09:56:41] [ROUTER] [info] Route added: POST /admin/categories/delete
[2025-04-10 09:56:41] [ROUTER] [info] Route added: GET /admin/users
[2025-04-10 09:56:41] [ROUTER] [info] Route added: POST /admin/users/add
[2025-04-10 09:56:41] [ROUTER] [info] Route added: POST /admin/users/delete
[2025-04-10 09:56:41] [ROUTER] [info] Route added: GET /
[2025-04-10 09:56:41] [ROUTER] [info] Route added: GET /products
[2025-04-10 09:56:41] [ROUTER] [info] Route added: GET /products/:id
[2025-04-10 09:56:41] [ROUTER] [info] Route added: GET /authentification/login
[2025-04-10 09:56:41] [ROUTER] [info] Route added: GET /authentification/logout
[2025-04-10 09:56:41] [ROUTER] [info] Handling request: GET /
[2025-04-10 09:56:41] [ROUTER] [info] Route matched: GET /
[2025-04-10 09:56:41] [VIEW] [info] Rendering view: products/index
[2025-04-10 09:56:41] [VIEW] [info] Loading view file: views/products/index.php
[2025-04-10 09:56:41] [DB] [info] Attempting database connection
[2025-04-10 09:56:41] [DB] [info] Database connection successful
[2025-04-10 09:56:41] [DB] [info] Executing query: SELECT p.*, c.name as category_name FROM products p 
               LEFT JOIN categories c ON p.category_id = c.id LIMIT :limit OFFSET :offset
[2025-04-10 09:56:41] [DB] [info] With parameters: {"limit":12,"offset":0}
[2025-04-10 09:56:41] [DB] [info] Query executed successfully
[2025-04-10 09:56:41] [DB] [info] Executing query: SELECT COUNT(*) as total FROM products
[2025-04-10 09:56:41] [DB] [info] Query executed successfully
[2025-04-10 09:56:41] [DB] [info] Executing query: SELECT p.*, c.name as category_name FROM products p 
               LEFT JOIN categories c ON p.category_id = c.id 
               WHERE p.quantity <= :threshold ORDER BY p.quantity ASC
[2025-04-10 09:56:41] [DB] [info] With parameters: {"threshold":20}
[2025-04-10 09:56:41] [DB] [info] Query executed successfully
[2025-04-10 09:56:41] [DB] [info] Executing query: SELECT o.*, p.name as product_name, p.image as product_image 
            FROM orders o 
            JOIN products p ON o.product_id = p.id 
            ORDER BY o.created_at DESC 
            LIMIT :limit
[2025-04-10 09:56:41] [DB] [info] With parameters: {"limit":5}
[2025-04-10 09:56:41] [DB] [info] Query executed successfully
[2025-04-10 09:56:41] [DB] [info] Executing query: SELECT * FROM categories ORDER BY id
[2025-04-10 09:56:41] [DB] [info] Query executed successfully
[2025-04-10 09:56:41] [VIEW] [info] Loading layout: views/layouts/default.php
[2025-04-10 09:56:41] [ROUTER] [info] Route added: POST /backend/authenticate
[2025-04-10 09:56:41] [ROUTER] [info] Route added: GET /backend/migrate
[2025-04-10 09:56:41] [ROUTER] [info] Route added: GET /admin/products
[2025-04-10 09:56:41] [ROUTER] [info] Route added: POST /admin/products/add
[2025-04-10 09:56:41] [ROUTER] [info] Route added: POST /admin/products/delete
[2025-04-10 09:56:41] [ROUTER] [info] Route added: GET /admin/categories
[2025-04-10 09:56:41] [ROUTER] [info] Route added: POST /admin/categories/add
[2025-04-10 09:56:41] [ROUTER] [info] Route added: POST /admin/categories/update
[2025-04-10 09:56:41] [ROUTER] [info] Route added: POST /admin/categories/delete
[2025-04-10 09:56:41] [ROUTER] [info] Route added: GET /admin/users
[2025-04-10 09:56:41] [ROUTER] [info] Route added: POST /admin/users/add
[2025-04-10 09:56:41] [ROUTER] [info] Route added: POST /admin/users/delete
[2025-04-10 09:56:41] [ROUTER] [info] Route added: GET /
[2025-04-10 09:56:41] [ROUTER] [info] Route added: GET /products
[2025-04-10 09:56:41] [ROUTER] [info] Route added: GET /products/:id
[2025-04-10 09:56:41] [ROUTER] [info] Route added: GET /authentification/login
[2025-04-10 09:56:41] [ROUTER] [info] Route added: GET /authentification/logout
[2025-04-10 09:56:41] [ROUTER] [info] Handling request: GET /public/uploads/67ebb81b6f850.jpg
[2025-04-10 09:56:41] [ROUTER] [warning] No matching route found for: GET /public/uploads/67ebb81b6f850.jpg
[2025-04-10 09:56:44] [ROUTER] [info] Route added: POST /backend/authenticate
[2025-04-10 09:56:44] [ROUTER] [info] Route added: GET /backend/migrate
[2025-04-10 09:56:44] [ROUTER] [info] Route added: GET /admin/products
[2025-04-10 09:56:44] [ROUTER] [info] Route added: POST /admin/products/add
[2025-04-10 09:56:44] [ROUTER] [info] Route added: POST /admin/products/delete
[2025-04-10 09:56:44] [ROUTER] [info] Route added: GET /admin/categories
[2025-04-10 09:56:44] [ROUTER] [info] Route added: POST /admin/categories/add
[2025-04-10 09:56:44] [ROUTER] [info] Route added: POST /admin/categories/update
[2025-04-10 09:56:44] [ROUTER] [info] Route added: POST /admin/categories/delete
[2025-04-10 09:56:44] [ROUTER] [info] Route added: GET /admin/users
[2025-04-10 09:56:44] [ROUTER] [info] Route added: POST /admin/users/add
[2025-04-10 09:56:44] [ROUTER] [info] Route added: POST /admin/users/delete
[2025-04-10 09:56:44] [ROUTER] [info] Route added: GET /
[2025-04-10 09:56:44] [ROUTER] [info] Route added: GET /products
[2025-04-10 09:56:44] [ROUTER] [info] Route added: GET /products/:id
[2025-04-10 09:56:44] [ROUTER] [info] Route added: GET /authentification/login
[2025-04-10 09:56:44] [ROUTER] [info] Route added: GET /authentification/logout
[2025-04-10 09:56:44] [ROUTER] [info] Handling request: GET /authentification/logout
[2025-04-10 09:56:44] [ROUTER] [info] Route matched: GET /authentification/logout
[2025-04-10 09:56:44] [VIEW] [info] Rendering view: authentification/logout
[2025-04-10 09:56:44] [VIEW] [info] Loading view file: views/authentification/logout.php
[2025-04-10 09:56:44] [ROUTER] [info] Route added: POST /backend/authenticate
[2025-04-10 09:56:44] [ROUTER] [info] Route added: GET /backend/migrate
[2025-04-10 09:56:44] [ROUTER] [info] Route added: GET /admin/products
[2025-04-10 09:56:44] [ROUTER] [info] Route added: POST /admin/products/add
[2025-04-10 09:56:44] [ROUTER] [info] Route added: POST /admin/products/delete
[2025-04-10 09:56:44] [ROUTER] [info] Route added: GET /admin/categories
[2025-04-10 09:56:44] [ROUTER] [info] Route added: POST /admin/categories/add
[2025-04-10 09:56:44] [ROUTER] [info] Route added: POST /admin/categories/update
[2025-04-10 09:56:44] [ROUTER] [info] Route added: POST /admin/categories/delete
[2025-04-10 09:56:44] [ROUTER] [info] Route added: GET /admin/users
[2025-04-10 09:56:44] [ROUTER] [info] Route added: POST /admin/users/add
[2025-04-10 09:56:44] [ROUTER] [info] Route added: POST /admin/users/delete
[2025-04-10 09:56:44] [ROUTER] [info] Route added: GET /
[2025-04-10 09:56:44] [ROUTER] [info] Route added: GET /products
[2025-04-10 09:56:44] [ROUTER] [info] Route added: GET /products/:id
[2025-04-10 09:56:44] [ROUTER] [info] Route added: GET /authentification/login
[2025-04-10 09:56:44] [ROUTER] [info] Route added: GET /authentification/logout
[2025-04-10 09:56:44] [ROUTER] [info] Handling request: GET /
[2025-04-10 09:56:44] [ROUTER] [info] Route matched: GET /
[2025-04-10 09:56:44] [VIEW] [info] Rendering view: products/index
[2025-04-10 09:56:44] [VIEW] [info] Loading view file: views/products/index.php
[2025-04-10 09:56:44] [DB] [info] Attempting database connection
[2025-04-10 09:56:44] [DB] [info] Database connection successful
[2025-04-10 09:56:44] [DB] [info] Executing query: SELECT p.*, c.name as category_name FROM products p 
               LEFT JOIN categories c ON p.category_id = c.id LIMIT :limit OFFSET :offset
[2025-04-10 09:56:44] [DB] [info] With parameters: {"limit":12,"offset":0}
[2025-04-10 09:56:44] [DB] [info] Query executed successfully
[2025-04-10 09:56:44] [DB] [info] Executing query: SELECT COUNT(*) as total FROM products
[2025-04-10 09:56:44] [DB] [info] Query executed successfully
[2025-04-10 09:56:44] [DB] [info] Executing query: SELECT p.*, c.name as category_name FROM products p 
               LEFT JOIN categories c ON p.category_id = c.id 
               WHERE p.quantity <= :threshold ORDER BY p.quantity ASC
[2025-04-10 09:56:44] [DB] [info] With parameters: {"threshold":20}
[2025-04-10 09:56:44] [DB] [info] Query executed successfully
[2025-04-10 09:56:44] [DB] [info] Executing query: SELECT o.*, p.name as product_name, p.image as product_image 
            FROM orders o 
            JOIN products p ON o.product_id = p.id 
            ORDER BY o.created_at DESC 
            LIMIT :limit
[2025-04-10 09:56:44] [DB] [info] With parameters: {"limit":5}
[2025-04-10 09:56:44] [DB] [info] Query executed successfully
[2025-04-10 09:56:44] [DB] [info] Executing query: SELECT * FROM categories ORDER BY id
[2025-04-10 09:56:44] [DB] [info] Query executed successfully
[2025-04-10 09:56:44] [VIEW] [info] Loading layout: views/layouts/default.php
[2025-04-10 09:58:23] [ROUTER] [info] Route added: POST /backend/authenticate
[2025-04-10 09:58:23] [ROUTER] [info] Route added: GET /backend/migrate
[2025-04-10 09:58:23] [ROUTER] [info] Route added: GET /admin/products
[2025-04-10 09:58:23] [ROUTER] [info] Route added: POST /admin/products/add
[2025-04-10 09:58:23] [ROUTER] [info] Route added: POST /admin/products/delete
[2025-04-10 09:58:23] [ROUTER] [info] Route added: GET /admin/categories
[2025-04-10 09:58:23] [ROUTER] [info] Route added: POST /admin/categories/add
[2025-04-10 09:58:23] [ROUTER] [info] Route added: POST /admin/categories/update
[2025-04-10 09:58:23] [ROUTER] [info] Route added: POST /admin/categories/delete
[2025-04-10 09:58:23] [ROUTER] [info] Route added: GET /admin/users
[2025-04-10 09:58:23] [ROUTER] [info] Route added: POST /admin/users/add
[2025-04-10 09:58:23] [ROUTER] [info] Route added: POST /admin/users/delete
[2025-04-10 09:58:23] [ROUTER] [info] Route added: GET /
[2025-04-10 09:58:23] [ROUTER] [info] Route added: GET /products
[2025-04-10 09:58:23] [ROUTER] [info] Route added: GET /products/:id
[2025-04-10 09:58:23] [ROUTER] [info] Route added: GET /authentification/login
[2025-04-10 09:58:23] [ROUTER] [info] Route added: GET /authentification/logout
[2025-04-10 09:58:23] [ROUTER] [info] Handling request: POST /backend/authenticate
[2025-04-10 09:58:23] [ROUTER] [info] Route matched: POST /backend/authenticate
[2025-04-10 09:58:23] [AUTH] [info] Processing login attempt
[2025-04-10 09:58:23] [AUTH] [info] Attempting authentication for user: admin@admin.admin
[2025-04-10 09:58:23] [DB] [info] Attempting database connection
[2025-04-10 09:58:23] [DB] [info] Database connection successful
[2025-04-10 09:58:24] [AUTH] [info] Authentication successful for user: admin@admin.admin
[2025-04-10 09:58:24] [AUTH] [info] Session regenerated for user: admin@admin.admin
[2025-04-10 09:58:24] [ROUTER] [info] Route added: POST /backend/authenticate
[2025-04-10 09:58:24] [ROUTER] [info] Route added: GET /backend/migrate
[2025-04-10 09:58:24] [ROUTER] [info] Route added: GET /admin/products
[2025-04-10 09:58:24] [ROUTER] [info] Route added: POST /admin/products/add
[2025-04-10 09:58:24] [ROUTER] [info] Route added: POST /admin/products/delete
[2025-04-10 09:58:24] [ROUTER] [info] Route added: GET /admin/categories
[2025-04-10 09:58:24] [ROUTER] [info] Route added: POST /admin/categories/add
[2025-04-10 09:58:24] [ROUTER] [info] Route added: POST /admin/categories/update
[2025-04-10 09:58:24] [ROUTER] [info] Route added: POST /admin/categories/delete
[2025-04-10 09:58:24] [ROUTER] [info] Route added: GET /admin/users
[2025-04-10 09:58:24] [ROUTER] [info] Route added: POST /admin/users/add
[2025-04-10 09:58:24] [ROUTER] [info] Route added: POST /admin/users/delete
[2025-04-10 09:58:24] [ROUTER] [info] Route added: GET /
[2025-04-10 09:58:24] [ROUTER] [info] Route added: GET /products
[2025-04-10 09:58:24] [ROUTER] [info] Route added: GET /products/:id
[2025-04-10 09:58:24] [ROUTER] [info] Route added: GET /authentification/login
[2025-04-10 09:58:24] [ROUTER] [info] Route added: GET /authentification/logout
[2025-04-10 09:58:24] [ROUTER] [info] Handling request: GET /
[2025-04-10 09:58:24] [ROUTER] [info] Route matched: GET /
[2025-04-10 09:58:24] [VIEW] [info] Rendering view: products/index
[2025-04-10 09:58:24] [VIEW] [info] Loading view file: views/products/index.php
[2025-04-10 09:58:24] [DB] [info] Attempting database connection
[2025-04-10 09:58:24] [DB] [info] Database connection successful
[2025-04-10 09:58:24] [DB] [info] Executing query: SELECT p.*, c.name as category_name FROM products p 
               LEFT JOIN categories c ON p.category_id = c.id LIMIT :limit OFFSET :offset
[2025-04-10 09:58:24] [DB] [info] With parameters: {"limit":12,"offset":0}
[2025-04-10 09:58:24] [DB] [info] Query executed successfully
[2025-04-10 09:58:24] [DB] [info] Executing query: SELECT COUNT(*) as total FROM products
[2025-04-10 09:58:24] [DB] [info] Query executed successfully
[2025-04-10 09:58:24] [DB] [info] Executing query: SELECT p.*, c.name as category_name FROM products p 
               LEFT JOIN categories c ON p.category_id = c.id 
               WHERE p.quantity <= :threshold ORDER BY p.quantity ASC
[2025-04-10 09:58:24] [DB] [info] With parameters: {"threshold":20}
[2025-04-10 09:58:24] [DB] [info] Query executed successfully
[2025-04-10 09:58:24] [DB] [info] Executing query: SELECT o.*, p.name as product_name, p.image as product_image 
            FROM orders o 
            JOIN products p ON o.product_id = p.id 
            ORDER BY o.created_at DESC 
            LIMIT :limit
[2025-04-10 09:58:24] [DB] [info] With parameters: {"limit":5}
[2025-04-10 09:58:24] [DB] [info] Query executed successfully
[2025-04-10 09:58:24] [DB] [info] Executing query: SELECT * FROM categories ORDER BY id
[2025-04-10 09:58:24] [DB] [info] Query executed successfully
[2025-04-10 09:58:24] [VIEW] [info] Loading layout: views/layouts/default.php
[2025-04-10 09:58:24] [ROUTER] [info] Route added: POST /backend/authenticate
[2025-04-10 09:58:24] [ROUTER] [info] Route added: GET /backend/migrate
[2025-04-10 09:58:24] [ROUTER] [info] Route added: GET /admin/products
[2025-04-10 09:58:24] [ROUTER] [info] Route added: POST /admin/products/add
[2025-04-10 09:58:24] [ROUTER] [info] Route added: POST /admin/products/delete
[2025-04-10 09:58:24] [ROUTER] [info] Route added: GET /admin/categories
[2025-04-10 09:58:24] [ROUTER] [info] Route added: POST /admin/categories/add
[2025-04-10 09:58:24] [ROUTER] [info] Route added: POST /admin/categories/update
[2025-04-10 09:58:24] [ROUTER] [info] Route added: POST /admin/categories/delete
[2025-04-10 09:58:24] [ROUTER] [info] Route added: GET /admin/users
[2025-04-10 09:58:24] [ROUTER] [info] Route added: POST /admin/users/add
[2025-04-10 09:58:24] [ROUTER] [info] Route added: POST /admin/users/delete
[2025-04-10 09:58:24] [ROUTER] [info] Route added: GET /
[2025-04-10 09:58:24] [ROUTER] [info] Route added: GET /products
[2025-04-10 09:58:24] [ROUTER] [info] Route added: GET /products/:id
[2025-04-10 09:58:24] [ROUTER] [info] Route added: GET /authentification/login
[2025-04-10 09:58:24] [ROUTER] [info] Route added: GET /authentification/logout
[2025-04-10 09:58:24] [ROUTER] [info] Handling request: GET /public/uploads/67ebb81b6f850.jpg
[2025-04-10 09:58:24] [ROUTER] [warning] No matching route found for: GET /public/uploads/67ebb81b6f850.jpg
